Arguments: 
  /Users/perbyhring/.nvm/versions/node/v16.3.0/bin/node /Users/perbyhring/.npm-global/bin/yarn add @rollup/plugin-alias

PATH: 
  /Users/perbyhring/.nvm/versions/node/v16.3.0/bin:/Users/perbyhring/.npm-global/bin:/usr/local/bin:/usr/bin:/bin:/usr/sbin:/sbin:/opt/X11/bin:/Library/Apple/usr/bin:/Library/Frameworks/Mono.framework/Versions/Current/Commands:/Users/perbyhring/.nvm/versions/node/v16.3.0/bin:/Users/perbyhring/.npm-global/bin

Yarn version: 
  1.22.4

Node version: 
  16.3.0

Platform: 
  darwin x64

Trace: 
  Error: ENOTDIR: not a directory, scandir '/Users/perbyhring/Library/Caches/Yarn/v6/npm-svelte-three-0.0.0-33d0650c-bfa4-4d9d-9e38-95e3cc6f94ab-1625219626845/node_modules/svelte-three'

npm manifest: 
  {
    "name": "svelte-app",
    "version": "1.0.0",
    "scripts": {
      "build": "rollup -c",
      "dev": "rollup -c -w",
      "start": "sirv public"
    },
    "devDependencies": {
      "@rollup/plugin-commonjs": "^16.0.0",
      "@rollup/plugin-node-resolve": "^10.0.0",
      "rollup": "^2.3.4",
      "rollup-plugin-css-only": "^3.1.0",
      "rollup-plugin-livereload": "^2.0.0",
      "rollup-plugin-svelte": "^7.0.0",
      "rollup-plugin-terser": "^7.0.0",
      "svelte": "^3.0.0"
    },
    "dependencies": {
      "pixi-filters": "^3.2.2",
      "pixi.js": "^5.3.7",
      "sirv-cli": "^1.0.0",
      "svelte-pixi": "file:../svelte-pixi",
      "svelte-three": "file:../svelte-three/src/index.js",
      "three": "^0.130.0"
    }
  }

yarn manifest: 
  No manifest

Lockfile: 
  # THIS IS AN AUTOGENERATED FILE. DO NOT EDIT THIS FILE DIRECTLY.
  # yarn lockfile v1
  
  
  "@babel/code-frame@^7.10.4":
    version "7.12.11"
    resolved "https://registry.yarnpkg.com/@babel/code-frame/-/code-frame-7.12.11.tgz#f4ad435aa263db935b8f10f2c552d23fb716a63f"
    integrity sha512-Zt1yodBx1UcyiePMSkWnU4hPqhwq7hGi2nFL1LeA3EUl+q2LQx16MISgJ0+z7dnmgvP9QtIleuETGOiOH1RcIw==
    dependencies:
      "@babel/highlight" "^7.10.4"
  
  "@babel/helper-validator-identifier@^7.10.4":
    version "7.12.11"
    resolved "https://registry.yarnpkg.com/@babel/helper-validator-identifier/-/helper-validator-identifier-7.12.11.tgz#c9a1f021917dcb5ccf0d4e453e399022981fc9ed"
    integrity sha512-np/lG3uARFybkoHokJUmf1QfEvRVCPbmQeUQpKow5cQ3xWrV9i3rUHodKDJPQfTVX61qKi+UdYk8kik84n7XOw==
  
  "@babel/highlight@^7.10.4":
    version "7.10.4"
    resolved "https://registry.yarnpkg.com/@babel/highlight/-/highlight-7.10.4.tgz#7d1bdfd65753538fabe6c38596cdb76d9ac60143"
    integrity sha512-i6rgnR/YgPEQzZZnbTHHuZdlE8qyoBNalD6F+q4vAFlcMEcqmkoG+mPqJYJCo63qPf74+Y1UZsl3l6f7/RIkmA==
    dependencies:
      "@babel/helper-validator-identifier" "^7.10.4"
      chalk "^2.0.0"
      js-tokens "^4.0.0"
  
  "@pixi/accessibility@5.3.7":
    version "5.3.7"
    resolved "https://registry.yarnpkg.com/@pixi/accessibility/-/accessibility-5.3.7.tgz#a9ca9c7c04925014af4b137b38dd8b77b208e603"
    integrity sha512-104qzGZWnA/cQUH48jTiCXKGqOCfOqZAHmVg1z0p5l5tnzVX5zUQDBJxt4AAIPguZZe1YkniealwO1WGz0yBgA==
    dependencies:
      "@pixi/core" "5.3.7"
      "@pixi/display" "5.3.7"
      "@pixi/utils" "5.3.7"
  
  "@pixi/app@5.3.7":
    version "5.3.7"
    resolved "https://registry.yarnpkg.com/@pixi/app/-/app-5.3.7.tgz#1a469dcdb9a3746d98eb58f2f7fa3e0951880a82"
    integrity sha512-xlXxMGiGGmOA154SyltOQ2ZfPEtErzXl8GOxXJJJBxmIfvCQa+Y6iO5jf4q7yNbpSbrfaeIrYUnNbJAViiACzg==
    dependencies:
      "@pixi/core" "5.3.7"
      "@pixi/display" "5.3.7"
  
  "@pixi/constants@5.3.7":
    version "5.3.7"
    resolved "https://registry.yarnpkg.com/@pixi/constants/-/constants-5.3.7.tgz#a2e1789a98deb3713cfcb3eba3db84588bc9161e"
    integrity sha512-MBcgIM/mSqonFezkCI9080IqNlc0wb8S9QJ5otBdseOWUQa/ua2jF7Jd1sCBGmi0IzS9/NOHFXzZVTdS7AC7Ow==
  
  "@pixi/core@5.3.7":
    version "5.3.7"
    resolved "https://registry.yarnpkg.com/@pixi/core/-/core-5.3.7.tgz#a8d65ca17f0c4ef8c0c5a22d31b9e02a4ab73b93"
    integrity sha512-WBhU2f5aJSVVaFP55FFBFKjKlRf5fYGxgA/U3kD4yD4Y3d3d6V3MIZv+o0VX+kBs1Eq7ePZqEv2smDrlzzMEjQ==
    dependencies:
      "@pixi/constants" "5.3.7"
      "@pixi/math" "5.3.7"
      "@pixi/runner" "5.3.7"
      "@pixi/settings" "5.3.7"
      "@pixi/ticker" "5.3.7"
      "@pixi/utils" "5.3.7"
  
  "@pixi/display@5.3.7":
    version "5.3.7"
    resolved "https://registry.yarnpkg.com/@pixi/display/-/display-5.3.7.tgz#b661d2ecfd2a67f213665a0698acd29e17eee8fe"
    integrity sha512-ma1JyLe5vaEgmaOR+anvj5YOKqT9OEWnboIe7NVmwGF1CZ7JFnB12rsRulHUsSaFG9bP5xjvroAZjFg/WvyGLw==
    dependencies:
      "@pixi/math" "5.3.7"
      "@pixi/settings" "5.3.7"
      "@pixi/utils" "5.3.7"
  
  "@pixi/extract@5.3.7":
    version "5.3.7"
    resolved "https://registry.yarnpkg.com/@pixi/extract/-/extract-5.3.7.tgz#2f32b804d90621ad3187e4ae7fb959d19b3959f1"
    integrity sha512-xQ5hYFIdxQTjNWwtwsjIK0DjbGLlUl92rIj5yvNJFiJvRjZ8IfvtIaM5uwjhiY2U9q3fDLFgb8EiNfmdDc78xQ==
    dependencies:
      "@pixi/core" "5.3.7"
      "@pixi/math" "5.3.7"
      "@pixi/utils" "5.3.7"
  
  "@pixi/filter-adjustment@3.1.1":
    version "3.1.1"
    resolved "https://registry.yarnpkg.com/@pixi/filter-adjustment/-/filter-adjustment-3.1.1.tgz#2aa41048106fa2006648deae59813bfb55c8fe54"
    integrity sha512-N+qbkofBn5tiGn2Ubg52AEoPOM69VIO5TEHsBtm5oh2S4m/rb6FnnqPji/FzwK89iLvtYmJdbwWAYi87PWnE3Q==
  
  "@pixi/filter-advanced-bloom@3.2.0":
    version "3.2.0"
    resolved "https://registry.yarnpkg.com/@pixi/filter-advanced-bloom/-/filter-advanced-bloom-3.2.0.tgz#c345adebf6605d814fb7ff8fda2292ed3d04ec01"
    integrity sha512-t5WlbFGewxYQ8biRsgQCW/j7vNwQxYVDv3DpHJ7PghNdYlD2OKQ7b6bgcUzFQcsbJ2fm/8e+dSKI17zCK5idMg==
    dependencies:
      "@pixi/filter-kawase-blur" "3.2.0"
  
  "@pixi/filter-alpha@5.3.7":
    version "5.3.7"
    resolved "https://registry.yarnpkg.com/@pixi/filter-alpha/-/filter-alpha-5.3.7.tgz#e979db57e9ee47b84d0900e5f9767b8632426fb4"
    integrity sha512-jkvbzmSCIPjCJMFNUocAxsZ7Cq3ssFwXnmXNYKYhJy01LxiyO/JbVDAxAD7Chyn5jbKsI21OV3UQaIJhFpXw7Q==
    dependencies:
      "@pixi/core" "5.3.7"
  
  "@pixi/filter-ascii@3.1.1":
    version "3.1.1"
    resolved "https://registry.yarnpkg.com/@pixi/filter-ascii/-/filter-ascii-3.1.1.tgz#edcc8e5fd08b72996f848d18af4761f4a9b92767"
    integrity sha512-/9mECm/T+9ze7qBXG4q0FghzBBXwOu213IWpJrQGsv5zptRI+8hNU58Gx/U/O7hlKVdNjLoeMlQxKGRcC4N4YQ==
  
  "@pixi/filter-bevel@3.2.1":
    version "3.2.1"
    resolved "https://registry.yarnpkg.com/@pixi/filter-bevel/-/filter-bevel-3.2.1.tgz#d65ad8c48f99a78dacbf6e11d72b2d09a202999e"
    integrity sha512-VZBsrDXerqUiVeCPKMmmKE36sRJTSDJtGMNIspvIp09xgVh7HRhAByxwTQQPeJtGgj1Pm+UYvRzQfWO3j43XUA==
  
  "@pixi/filter-bloom@3.2.0":
    version "3.2.0"
    resolved "https://registry.yarnpkg.com/@pixi/filter-bloom/-/filter-bloom-3.2.0.tgz#36f9e36ae02b1d6ba0c3560b687807df509b276a"
    integrity sha512-+biXmn28govp6l0FCQ463n/ZqQpfqMp/nTwQp9++Y5N7Aw7IzuJLlgC5p44U/wd75uAQDCamt+FmRU5dsAjIFg==
  
  "@pixi/filter-blur@5.3.7":
    version "5.3.7"
    resolved "https://registry.yarnpkg.com/@pixi/filter-blur/-/filter-blur-5.3.7.tgz#7eee3559704b280e8588c2fc9e8d912aac80f8a9"
    integrity sha512-xM+Zz2i2UCmY7oHBPlGaN2ImhCY4l/V8NFc8FNSUIHm8NXHJ4/VCQpXp9BFTjY1+GZExFLkqB8kIYEddGVFiLA==
    dependencies:
      "@pixi/core" "5.3.7"
      "@pixi/settings" "5.3.7"
  
  "@pixi/filter-bulge-pinch@3.1.1":
    version "3.1.1"
    resolved "https://registry.yarnpkg.com/@pixi/filter-bulge-pinch/-/filter-bulge-pinch-3.1.1.tgz#cd2a44e9800e74101c01c9ed9c884e890d52c22f"
    integrity sha512-PtQzmZ/VGcSiSiFXS227tKreuGhIRqP6PHC1aTkuQPMUGbeAaHArE8S8ucJoZhwj9Y7fpJC7fnC3Zs0C2EHZmw==
  
  "@pixi/filter-color-map@3.1.1":
    version "3.1.1"
    resolved "https://registry.yarnpkg.com/@pixi/filter-color-map/-/filter-color-map-3.1.1.tgz#6691c4dec0e14245f1a52904e4f4622ef0b68fbf"
    integrity sha512-zS5GOmzjpJxrDYnO6p+FKLMPcIt+aF7zqueiX1UPMflGL8sKJ7cbzD1o5/GoSbReQ54Nn7KT7x2HgFvmW7SExw==
  
  "@pixi/filter-color-matrix@5.3.7":
    version "5.3.7"
    resolved "https://registry.yarnpkg.com/@pixi/filter-color-matrix/-/filter-color-matrix-5.3.7.tgz#230cafe46bde36e25441b13f3ac5dd8e8fee4311"
    integrity sha512-Z12cxoHx9uMh3CZ0PLVRzsaFHHF/CfU3J83KI9k+Bg/DFOh/J/5EToCd44jYJbMKp3nvXcO1EJyZ3wwC/IsyfQ==
    dependencies:
      "@pixi/core" "5.3.7"
  
  "@pixi/filter-color-overlay@3.1.1":
    version "3.1.1"
    resolved "https://registry.yarnpkg.com/@pixi/filter-color-overlay/-/filter-color-overlay-3.1.1.tgz#4bfb2cf59abf8e1913a21621a5cde3b839972e1b"
    integrity sha512-GO4I0e+GMnT/tfXJCZnV3pxS3/aBJQRXMmccm8E4p5XHOQxkHWwycvewpDTOTUnkz5iIOzgx5SFmlmv0yZeJ4Q==
  
  "@pixi/filter-color-replace@3.1.1":
    version "3.1.1"
    resolved "https://registry.yarnpkg.com/@pixi/filter-color-replace/-/filter-color-replace-3.1.1.tgz#66c0ddff9fc548e24ef71a3a52baaa207434695c"
    integrity sha512-grpbKuEv6iQYo8TUpx8Uf6jY2CP0/i6f6WubDe8CiNFWnNIxHTwgrkEdLUzTddoR7H/IIUAjNn75yPZfW/pThg==
  
  "@pixi/filter-convolution@3.2.1":
    version "3.2.1"
    resolved "https://registry.yarnpkg.com/@pixi/filter-convolution/-/filter-convolution-3.2.1.tgz#029a3758df9f24f58c98180ee648b55f6fffcae5"
    integrity sha512-VFLBisp9vBGkot+2kjY9b7lBWtdqmtUfOx9fdHDnrWov0CDcxpNWeAllL1ajybieDOt3rICgFIkXl75DLbirSQ==
  
  "@pixi/filter-cross-hatch@3.1.1":
    version "3.1.1"
    resolved "https://registry.yarnpkg.com/@pixi/filter-cross-hatch/-/filter-cross-hatch-3.1.1.tgz#72e847e6de697c64e1df5baaaae879dc10054609"
    integrity sha512-1ITwzzSneo5Nq7URcsUCabwFT/NHBan4OoUh5AbVhcl4Na2LT2lGjHI/Tprs4DyrFMUtOlaPefwp4xz9CaVsNQ==
  
  "@pixi/filter-crt@3.2.0":
    version "3.2.0"
    resolved "https://registry.yarnpkg.com/@pixi/filter-crt/-/filter-crt-3.2.0.tgz#f9788c301674b1e7bf66405cfa4b5fa38bf84a0d"
    integrity sha512-q7HUiW1unZmsSxMgv+v9ie+mZUpUzCp/2tW/Xm9WU2nb1rIRwo6xzbJ3V00h4dnUrHnDhrJHcy1pDCcC1TJEnQ==
  
  "@pixi/filter-displacement@5.3.7":
    version "5.3.7"
    resolved "https://registry.yarnpkg.com/@pixi/filter-displacement/-/filter-displacement-5.3.7.tgz#4364d5514221c4a03950b67795cebd1b34dca401"
    integrity sha512-akMVkAHqliQujveiJ5KBMuwh/JVGN37NQsD8n1XbDDSe6SKjpX0kaq2Bh2Xu9pPj3+Jhofy0sI65q2M8qs2Uog==
    dependencies:
      "@pixi/core" "5.3.7"
      "@pixi/math" "5.3.7"
  
  "@pixi/filter-dot@3.1.1":
    version "3.1.1"
    resolved "https://registry.yarnpkg.com/@pixi/filter-dot/-/filter-dot-3.1.1.tgz#84049158e7fc86192b3a2fbda352f8e7e31f9ea9"
    integrity sha512-ejE0olqrZwdjjNH186ls0ANiKNUjQnSHNueNshmZ+QbtVEz1SDPewxw88FLyxjoAONvmeYPHSCjGGvqRjXB7Cw==
  
  "@pixi/filter-drop-shadow@3.2.0":
    version "3.2.0"
    resolved "https://registry.yarnpkg.com/@pixi/filter-drop-shadow/-/filter-drop-shadow-3.2.0.tgz#073283fe0455b28f95fd4f54e3d9d56240c3da8f"
    integrity sha512-yPoLl3fzRsnu5WfOQ+Q8AGhF3f4qFk6MIiXazYNeOoc3x+2Bmck/2DIomGmg/9z+I+/R/JIhMi9S/4p9vVCByQ==
    dependencies:
      "@pixi/filter-kawase-blur" "3.2.0"
  
  "@pixi/filter-emboss@3.1.1":
    version "3.1.1"
    resolved "https://registry.yarnpkg.com/@pixi/filter-emboss/-/filter-emboss-3.1.1.tgz#3657c3a1a8050dc693d914033edd554ef1c57d99"
    integrity sha512-OqCrE1wHfDIFqWHvsScNKZ1CSPm/4aJoYz1Yd/Sn0P3d1H9UEydmxescS1UxNrga6zTEcYpo1RT1V6Xb/TTQtw==
  
  "@pixi/filter-fxaa@5.3.7":
    version "5.3.7"
    resolved "https://registry.yarnpkg.com/@pixi/filter-fxaa/-/filter-fxaa-5.3.7.tgz#55b778fbc60fd87f16d17d66a36b122e2f5c3b57"
    integrity sha512-NJpVcbOCUVYUDGqxvh7Jp/+arWEnLKgI/7Qf8VEYv0aQslqE8ZtFSAX7JfP+iGfFWXlkMe6AKspesYhUrIpRKg==
    dependencies:
      "@pixi/core" "5.3.7"
  
  "@pixi/filter-glitch@3.1.1":
    version "3.1.1"
    resolved "https://registry.yarnpkg.com/@pixi/filter-glitch/-/filter-glitch-3.1.1.tgz#95d973439e9e418149a5b17effaf97d43fef2e54"
    integrity sha512-l6TF6zgDiNaUkRYrlJcApEEQZimyvS8YkrN6l1UrQJ7uMxx7kvYNn/sMSdOcWyhFj1WI2y5PP7/15bX7ekEd7A==
  
  "@pixi/filter-glow@3.2.0":
    version "3.2.0"
    resolved "https://registry.yarnpkg.com/@pixi/filter-glow/-/filter-glow-3.2.0.tgz#704c4991bbe726969df3863df31318ea5b42f4c9"
    integrity sha512-+rOpzHh0VBjjvBO0A6ROiO8JGcCQU0Uqfeg1zX/MKaF3pcGnDlNvBa8kQaDsLnSvBmMzajBLzQYC4braD8oVYw==
  
  "@pixi/filter-godray@3.2.0":
    version "3.2.0"
    resolved "https://registry.yarnpkg.com/@pixi/filter-godray/-/filter-godray-3.2.0.tgz#b2722d588d67ba2c9197b454e982a4a493f8d1d2"
    integrity sha512-LdqzHn8L4+nJ3v4n5yK8tfp9sm0VRcifYMyLmz7dwIWxQWr5IXfAX4Tr+Lel3jCWq46GFELQxZEczpiguXMa+A==
  
  "@pixi/filter-kawase-blur@3.2.0":
    version "3.2.0"
    resolved "https://registry.yarnpkg.com/@pixi/filter-kawase-blur/-/filter-kawase-blur-3.2.0.tgz#f3fe6e3c17d191ae353959768c1170e85b2ad1dc"
    integrity sha512-IO1UKn/XLvnV+ya4r1UOC9fTfXZjWvH9m6eQ/U+moBsQN5I5FihQfXCu586X4jb9VHNu3gFl7SUzirobhBfgtA==
  
  "@pixi/filter-motion-blur@3.1.1":
    version "3.1.1"
    resolved "https://registry.yarnpkg.com/@pixi/filter-motion-blur/-/filter-motion-blur-3.1.1.tgz#5472738ac168f84ba2dc6eb8f4b329c4fee8ec96"
    integrity sha512-5AjQJseuQsDJi7zBsas7rQexQO7LfZcA274FxTFOZ9TeYtdqUGzYilPA8a9oAec6Z+iGkQmAoK/FR3ybCqNPmQ==
  
  "@pixi/filter-multi-color-replace@3.1.1":
    version "3.1.1"
    resolved "https://registry.yarnpkg.com/@pixi/filter-multi-color-replace/-/filter-multi-color-replace-3.1.1.tgz#c8136bb8665850a12bc40cb7aa4dec15d10d9cc1"
    integrity sha512-ocP9UPn2cU9w7/zyN/uUJg3JDM9nPzRAkc8y7NgkoenUHV4zV0pGaXNx8kREl/GIggnZNySd7hLstJPvzg40tg==
  
  "@pixi/filter-noise@5.3.7":
    version "5.3.7"
    resolved "https://registry.yarnpkg.com/@pixi/filter-noise/-/filter-noise-5.3.7.tgz#70e638f5d6ebc4b62b4c67f2de939a7fa900d7a5"
    integrity sha512-P0mVQR2J7GHujVcq0iiuD2/1yvmue7orpppa5iuNHoOMT+vZpO0hdCKTg5vm5ZcWnHrOwtvv8zYngnT9rLdCtw==
    dependencies:
      "@pixi/core" "5.3.7"
  
  "@pixi/filter-old-film@3.1.1":
    version "3.1.1"
    resolved "https://registry.yarnpkg.com/@pixi/filter-old-film/-/filter-old-film-3.1.1.tgz#88d6b8a3ba73f47ee38add5c8a84dd472d1213a0"
    integrity sha512-1kc6+mbFQahnkC9qqPCRscneSYcHjQI93fKqQuyzPxR5Wzkcaz6WlQfoeqUnZTA6YhnENxygJWk0KCCHG6mHKw==
  
  "@pixi/filter-outline@3.2.0":
    version "3.2.0"
    resolved "https://registry.yarnpkg.com/@pixi/filter-outline/-/filter-outline-3.2.0.tgz#50c1b563408de3e890f4dcd5a88b7c22f6d5bbb7"
    integrity sha512-7LXxGjFt3R77MdJzIM77djHwnvNdtx4KzDpn2XSGQLdde02jQ21yGSWROF5oesCGTILrphdK+atwK4T3F9dQFg==
  
  "@pixi/filter-pixelate@3.1.1":
    version "3.1.1"
    resolved "https://registry.yarnpkg.com/@pixi/filter-pixelate/-/filter-pixelate-3.1.1.tgz#8976171f79ad452637651cd5334b4a608323fdf4"
    integrity sha512-r8kakBMhqJW0gub5mGN7QJAJcdb8QUt4dUyyUKvntAvSzRhHZOrCoBmoC//3p6FFLidPWU9DAkSgWEvoBVaLaQ==
  
  "@pixi/filter-radial-blur@3.1.1":
    version "3.1.1"
    resolved "https://registry.yarnpkg.com/@pixi/filter-radial-blur/-/filter-radial-blur-3.1.1.tgz#d3c6d77583fd500f10274adf7a5ba2fbc9792a8e"
    integrity sha512-ZOH6GQy384FfVJNoBczFiqwZb14s9W/6oL02L5GMNhDbaWFAEOVNZlCLecv2a2x1Xv31zkSSmchJtffe2UU4Gw==
  
  "@pixi/filter-reflection@3.1.1":
    version "3.1.1"
    resolved "https://registry.yarnpkg.com/@pixi/filter-reflection/-/filter-reflection-3.1.1.tgz#370fe247a898126bc08e428f69546b85b174aac4"
    integrity sha512-WZ3GPDeNIQ0hLCmwRHLJDMlnkmDN5vKqQaDx3Y0fccAiaKkkr0b6wiJBYuC9PZ4ULaKRhWPhPTUiOadMS7qSug==
  
  "@pixi/filter-rgb-split@3.1.1":
    version "3.1.1"
    resolved "https://registry.yarnpkg.com/@pixi/filter-rgb-split/-/filter-rgb-split-3.1.1.tgz#0b9d1fbe7e1e6b8ec24733f9b5471a674e3d8679"
    integrity sha512-VV+6xH7E2I+jvhnsfh7VLRWxXzRfc3R42w0yuaWnJtnx6xfGMkEX84I69GnDd8GGhrU7D/+u0KRJvtLajcGTFA==
  
  "@pixi/filter-shockwave@3.1.1":
    version "3.1.1"
    resolved "https://registry.yarnpkg.com/@pixi/filter-shockwave/-/filter-shockwave-3.1.1.tgz#757e7f7d56ddf1b1f65ff8b2eee1fa9cc4c77ec5"
    integrity sha512-r3OMvrrE6M6WNvyu03mljkZucG7Z9oGEQKOEHwCTcpir2CumLsTiKMWmtLiWSeEt5lTofMRHe1tu1FkSuHLJyA==
  
  "@pixi/filter-simple-lightmap@3.1.1":
    version "3.1.1"
    resolved "https://registry.yarnpkg.com/@pixi/filter-simple-lightmap/-/filter-simple-lightmap-3.1.1.tgz#4fe463c68ddda6d5b84ab5ca60f6864d79133d57"
    integrity sha512-UwOs1frSxRFw7r3unhOSJqgAKMez159ShwO8bCOejTEThlC1GVmpQj1dw/8vxUkQrdFBhj+Imrmh0jEBWLd0ng==
  
  "@pixi/filter-tilt-shift@3.2.0":
    version "3.2.0"
    resolved "https://registry.yarnpkg.com/@pixi/filter-tilt-shift/-/filter-tilt-shift-3.2.0.tgz#6c8789cd2ff30c26ab2c53d3db46756be2220b42"
    integrity sha512-ITkbLNP2bLpSzXpl087clnm7f2dGHdI9FJJXmI1eoUutZWVpK8GSHQBnfVJDWCVe9RIcIg5dRwQwzxhyhBmykQ==
  
  "@pixi/filter-twist@3.2.1":
    version "3.2.1"
    resolved "https://registry.yarnpkg.com/@pixi/filter-twist/-/filter-twist-3.2.1.tgz#ee9336464f39ec9790e7b3c666ff915d1e2d0bde"
    integrity sha512-NhtC18tbzkHLJgSj+NoNoKh8cBr7ATbYs2vZgWQ12kEvQeqCCRqOLRpOYRE/G9LOBMC9HnXlqPKYj+UYCkzr6Q==
  
  "@pixi/filter-zoom-blur@3.2.1":
    version "3.2.1"
    resolved "https://registry.yarnpkg.com/@pixi/filter-zoom-blur/-/filter-zoom-blur-3.2.1.tgz#d45c21cee941ab02be0d2fbefd22cf2029349172"
    integrity sha512-kwlBX0ubFax72xmYuVotNlCpj3R4lpldnjSMjVacYHuBZWA40Wp5+3SGnB+xwRek8BwYPgQBlblogOCIR58/WA==
  
  "@pixi/graphics@5.3.7":
    version "5.3.7"
    resolved "https://registry.yarnpkg.com/@pixi/graphics/-/graphics-5.3.7.tgz#36ae80e2508e0a9c61ce454807d517d370d90a74"
    integrity sha512-+6+bT/AC29a1Hw5XDxsH1UqBsXSqcna7wNTTrBQ02owotIJtyRc6w48f5qxzhxycumyVCR87IV5tAtdwX3xhag==
    dependencies:
      "@pixi/constants" "5.3.7"
      "@pixi/core" "5.3.7"
      "@pixi/display" "5.3.7"
      "@pixi/math" "5.3.7"
      "@pixi/sprite" "5.3.7"
      "@pixi/utils" "5.3.7"
  
  "@pixi/interaction@5.3.7":
    version "5.3.7"
    resolved "https://registry.yarnpkg.com/@pixi/interaction/-/interaction-5.3.7.tgz#dd4d7b43fc266c9b0e8994f4f05cb9f73438b586"
    integrity sha512-B+5suog6fo8tJclTIO1Nn0HikyXQ9OWQGmTiYUnDVDriX5dGujh79RpcL51HFQ/2Gs2Gt0rl3AfP9OsCLe7VPA==
    dependencies:
      "@pixi/core" "5.3.7"
      "@pixi/display" "5.3.7"
      "@pixi/math" "5.3.7"
      "@pixi/ticker" "5.3.7"
      "@pixi/utils" "5.3.7"
  
  "@pixi/loaders@5.3.7":
    version "5.3.7"
    resolved "https://registry.yarnpkg.com/@pixi/loaders/-/loaders-5.3.7.tgz#7231106d8d490d9ca230df7a07a53e1e4d412163"
    integrity sha512-zwWgvhUz7l5Z3me5gT1XbJzmj4bnz176PnawoUdlRxNARnMW3Rsk7Egzu8atWhJUL+MWEv+t8KkyHRXG39q5FA==
    dependencies:
      "@pixi/core" "5.3.7"
      "@pixi/utils" "5.3.7"
      resource-loader "^3.0.1"
  
  "@pixi/math@5.3.7":
    version "5.3.7"
    resolved "https://registry.yarnpkg.com/@pixi/math/-/math-5.3.7.tgz#066e7ea149fd38db8d8a9584aac5f41d02b36bdd"
    integrity sha512-WnjUwX7rkxR36F0xknpsNd9BsfQosV0BbyFE0Il88IURBM3Tu9X4tC7RGJDgWU+aXw23HgHu0j+MWJrCVCM2fA==
  
  "@pixi/mesh-extras@5.3.7":
    version "5.3.7"
    resolved "https://registry.yarnpkg.com/@pixi/mesh-extras/-/mesh-extras-5.3.7.tgz#e4ab9e4b0cb05606a621cacd6d37d472067c6041"
    integrity sha512-txVo2yk935gLgvlwO/ODUuz0wHUZtc9AK0sOQbbD9rh1TUdZ9OYrRvqshItLC34EimmAfgOsyzT78zeUTaP1OA==
    dependencies:
      "@pixi/constants" "5.3.7"
      "@pixi/core" "5.3.7"
      "@pixi/math" "5.3.7"
      "@pixi/mesh" "5.3.7"
      "@pixi/utils" "5.3.7"
  
  "@pixi/mesh@5.3.7":
    version "5.3.7"
    resolved "https://registry.yarnpkg.com/@pixi/mesh/-/mesh-5.3.7.tgz#9de12a6404abdd17fe14c08d2bbe163bdf72bb9a"
    integrity sha512-7K5Ba3+t0rBAfZeuQi7nem0DgVH9GNhRvZ8HYbhPs5XVI7yZZhUN4HpUMy7gYEnz8EbXqwUz20X4ham/0O9WsQ==
    dependencies:
      "@pixi/constants" "5.3.7"
      "@pixi/core" "5.3.7"
      "@pixi/display" "5.3.7"
      "@pixi/math" "5.3.7"
      "@pixi/settings" "5.3.7"
      "@pixi/utils" "5.3.7"
  
  "@pixi/mixin-cache-as-bitmap@5.3.7":
    version "5.3.7"
    resolved "https://registry.yarnpkg.com/@pixi/mixin-cache-as-bitmap/-/mixin-cache-as-bitmap-5.3.7.tgz#2a30fc3f552f7a0a51bd0fe5a6e937132a5fff52"
    integrity sha512-UEP1PVEEqgWs8vUx/GvOiQ4r130NDLQoD9i5YA1i5BGml2UmNyrFlIh8N9hVAPiIpTIpECkU6nLakP7t6fm9zA==
    dependencies:
      "@pixi/core" "5.3.7"
      "@pixi/display" "5.3.7"
      "@pixi/math" "5.3.7"
      "@pixi/settings" "5.3.7"
      "@pixi/sprite" "5.3.7"
      "@pixi/utils" "5.3.7"
  
  "@pixi/mixin-get-child-by-name@5.3.7":
    version "5.3.7"
    resolved "https://registry.yarnpkg.com/@pixi/mixin-get-child-by-name/-/mixin-get-child-by-name-5.3.7.tgz#49c5aa84840bf09e2c089011665407e8c1a3466e"
    integrity sha512-KiWirq5HpLKrAsShdZx0+RwNwY6nO5cM+Wqq59n11xTgvUoNULiptZRePQR5rOIsLIcwNtro/2LWPj1UzbJHbg==
    dependencies:
      "@pixi/display" "5.3.7"
  
  "@pixi/mixin-get-global-position@5.3.7":
    version "5.3.7"
    resolved "https://registry.yarnpkg.com/@pixi/mixin-get-global-position/-/mixin-get-global-position-5.3.7.tgz#68c0167054abbac01ecd10275212f5b9afe049bf"
    integrity sha512-OIXi+m611GVH1dVAc5YdiMC55Bbjf0JmesiB+6/gMzrjKxW/YDAA5ZRVri75hmRedHA8LPflf+i0pO10mrGP8g==
    dependencies:
      "@pixi/display" "5.3.7"
      "@pixi/math" "5.3.7"
  
  "@pixi/particles@5.3.7":
    version "5.3.7"
    resolved "https://registry.yarnpkg.com/@pixi/particles/-/particles-5.3.7.tgz#9f0500b818f20af8e9338fee24c1c33530dfa925"
    integrity sha512-mEnBljvBVbKuUJVZ0oH9dP/k7qsHEHUlvfBQgLOSkd6viHlx3PoSPKOYm35+I6fAylkV0Xm9+j5v/IESuip2RQ==
    dependencies:
      "@pixi/constants" "5.3.7"
      "@pixi/core" "5.3.7"
      "@pixi/display" "5.3.7"
      "@pixi/math" "5.3.7"
      "@pixi/utils" "5.3.7"
  
  "@pixi/polyfill@5.3.7":
    version "5.3.7"
    resolved "https://registry.yarnpkg.com/@pixi/polyfill/-/polyfill-5.3.7.tgz#eb43ef1eefc7967bf8d44f704677c19adfdc539c"
    integrity sha512-qU23xdb/e4Qvze0TWVy4fNZ0nlABIEZmuLu5nI9SpgfIYtjd2tZo7ngCXU5mZHxW1/xvkAMJEHCsSszotzF9xQ==
    dependencies:
      es6-promise-polyfill "^1.2.0"
      object-assign "^4.1.1"
  
  "@pixi/prepare@5.3.7":
    version "5.3.7"
    resolved "https://registry.yarnpkg.com/@pixi/prepare/-/prepare-5.3.7.tgz#00916a56c61d8349be47937a9b384f3cf90157ca"
    integrity sha512-saU+o202vA3U2HVMYvh5aB2RJmP4hR//J22QuRfGen/ukM5mApOroJ445Id2+kSvis0M+UeFUKfBGWDzitr19Q==
    dependencies:
      "@pixi/core" "5.3.7"
      "@pixi/display" "5.3.7"
      "@pixi/graphics" "5.3.7"
      "@pixi/settings" "5.3.7"
      "@pixi/text" "5.3.7"
      "@pixi/ticker" "5.3.7"
  
  "@pixi/runner@5.3.7":
    version "5.3.7"
    resolved "https://registry.yarnpkg.com/@pixi/runner/-/runner-5.3.7.tgz#78ed2c92b392b8c099d2e4557dded7faa921446b"
    integrity sha512-kt5apNb21HAvpBaDaPRs33k2O0VzrKe13w4we8iftCpXX8w68ErAY1lH68vmtDNrxnlHg4M9nRgEoMeiHlo2RA==
  
  "@pixi/settings@5.3.7":
    version "5.3.7"
    resolved "https://registry.yarnpkg.com/@pixi/settings/-/settings-5.3.7.tgz#b661883231bf2a1ff5260c214bd0c4b438759841"
    integrity sha512-g6AoRSGWxU34gtKSQwX2AMQoLUv86L/5iIXRsqo+X4bfUSCenTci1X7ueVrSIbo39dxh6IOpriZF2Yk3TeHG5w==
    dependencies:
      ismobilejs "^1.1.0"
  
  "@pixi/sprite-animated@5.3.7":
    version "5.3.7"
    resolved "https://registry.yarnpkg.com/@pixi/sprite-animated/-/sprite-animated-5.3.7.tgz#94e6d7657cd133a8953e476bd24e18cbfab6a978"
    integrity sha512-CSXTSwH/UUcTe5637AD35OCETQO+tDkmlr6e1/eIyUlgOsPkbjo+l134feLZtZudiPHTPyb/YAYIlgPfVr7MGw==
    dependencies:
      "@pixi/core" "5.3.7"
      "@pixi/sprite" "5.3.7"
      "@pixi/ticker" "5.3.7"
  
  "@pixi/sprite-tiling@5.3.7":
    version "5.3.7"
    resolved "https://registry.yarnpkg.com/@pixi/sprite-tiling/-/sprite-tiling-5.3.7.tgz#f4ec4cd205ff7ecebe636062ea27f7a139fb8e22"
    integrity sha512-0BMLQGniJF1HvfyrJVe5jC8ayBpTh19dAHJIQWGp8zxxFh/WHjR1b32BN74rDjxQQSjZjV8vBNio8J3W+yDttw==
    dependencies:
      "@pixi/constants" "5.3.7"
      "@pixi/core" "5.3.7"
      "@pixi/display" "5.3.7"
      "@pixi/math" "5.3.7"
      "@pixi/sprite" "5.3.7"
      "@pixi/utils" "5.3.7"
  
  "@pixi/sprite@5.3.7":
    version "5.3.7"
    resolved "https://registry.yarnpkg.com/@pixi/sprite/-/sprite-5.3.7.tgz#c6edf3d4a9928868696b62e35a60ded27d167058"
    integrity sha512-Bjl+NOOvigEzUsm1cDr1KmBUpPSWO8pDXpUPTi+v2N75gwRfTycmj5f2TU0QmMW3Gc6sv0CB0AkL7dkMPwPb8g==
    dependencies:
      "@pixi/constants" "5.3.7"
      "@pixi/core" "5.3.7"
      "@pixi/display" "5.3.7"
      "@pixi/math" "5.3.7"
      "@pixi/settings" "5.3.7"
      "@pixi/utils" "5.3.7"
  
  "@pixi/spritesheet@5.3.7":
    version "5.3.7"
    resolved "https://registry.yarnpkg.com/@pixi/spritesheet/-/spritesheet-5.3.7.tgz#826b84c8220ca41c3eba201f453d42394d4da562"
    integrity sha512-K1Befbrq3LDbFtnLmbk54QQ/YRk2Mgd+2iOkZx5KsS2pTh1va/GM9FbpO9aZgsEu8Eq76QPxyR8nRqygyMRSuQ==
    dependencies:
      "@pixi/core" "5.3.7"
      "@pixi/loaders" "5.3.7"
      "@pixi/math" "5.3.7"
      "@pixi/utils" "5.3.7"
  
  "@pixi/text-bitmap@5.3.7":
    version "5.3.7"
    resolved "https://registry.yarnpkg.com/@pixi/text-bitmap/-/text-bitmap-5.3.7.tgz#736b489424c6e9c26c2907356e2d70e1ae2cb292"
    integrity sha512-LWXgxyMgBAldHA6Swx0irAISCMEyDEcZV7YxBoBpSDnV8ybtZP4fSgtj6vlpnrttKcnXFEcGokOuC3vSdEs39g==
    dependencies:
      "@pixi/core" "5.3.7"
      "@pixi/display" "5.3.7"
      "@pixi/loaders" "5.3.7"
      "@pixi/math" "5.3.7"
      "@pixi/mesh" "5.3.7"
      "@pixi/settings" "5.3.7"
      "@pixi/text" "5.3.7"
      "@pixi/utils" "5.3.7"
  
  "@pixi/text@5.3.7":
    version "5.3.7"
    resolved "https://registry.yarnpkg.com/@pixi/text/-/text-5.3.7.tgz#cb71b2576bdc1f66fb79977d281f9575dd06d3d5"
    integrity sha512-WVAc31MDgHTvP0dJNWsvLVJhjeVGZ3NrLpHcH9iIAd6HVO5Z+i+fk4zvodD+Y7jWU0psx8ZD8xe1wy8ECfbCBA==
    dependencies:
      "@pixi/core" "5.3.7"
      "@pixi/math" "5.3.7"
      "@pixi/settings" "5.3.7"
      "@pixi/sprite" "5.3.7"
      "@pixi/utils" "5.3.7"
  
  "@pixi/ticker@5.3.7":
    version "5.3.7"
    resolved "https://registry.yarnpkg.com/@pixi/ticker/-/ticker-5.3.7.tgz#c331b270042d507fe18543ae435a9a857a8fd5ae"
    integrity sha512-ZEXiJwPtuPeWa0QmRODF5qK0+ugZu/xeq7QxCvFOCc3NFVBeGms4g92HPucOju9R7jcODIoJxtICALsuwLAr9w==
    dependencies:
      "@pixi/settings" "5.3.7"
  
  "@pixi/utils@5.3.7":
    version "5.3.7"
    resolved "https://registry.yarnpkg.com/@pixi/utils/-/utils-5.3.7.tgz#55fe2a2fbf0fba842da5a602576ce68c498e7e16"
    integrity sha512-f8zAeHHURxfwBr8MZiXEIwY2h9wbS6vN0ypvapGvKFOexZ1EInTs35FhEiRWzLEPLHyn1RgCdKzR2zl++E4tIw==
    dependencies:
      "@pixi/constants" "5.3.7"
      "@pixi/settings" "5.3.7"
      earcut "^2.1.5"
      eventemitter3 "^3.1.0"
      url "^0.11.0"
  
  "@polka/url@^1.0.0-next.9":
    version "1.0.0-next.11"
    resolved "https://registry.yarnpkg.com/@polka/url/-/url-1.0.0-next.11.tgz#aeb16f50649a91af79dbe36574b66d0f9e4d9f71"
    integrity sha512-3NsZsJIA/22P3QUyrEDNA2D133H4j224twJrdipXN38dpnIOzAbUDtOwkcJ5pXmn75w7LSQDjA4tO9dm1XlqlA==
  
  "@rollup/plugin-commonjs@^16.0.0":
    version "16.0.0"
    resolved "https://registry.yarnpkg.com/@rollup/plugin-commonjs/-/plugin-commonjs-16.0.0.tgz#169004d56cd0f0a1d0f35915d31a036b0efe281f"
    integrity sha512-LuNyypCP3msCGVQJ7ki8PqYdpjfEkE/xtFa5DqlF+7IBD0JsfMZ87C58heSwIMint58sAUZbt3ITqOmdQv/dXw==
    dependencies:
      "@rollup/pluginutils" "^3.1.0"
      commondir "^1.0.1"
      estree-walker "^2.0.1"
      glob "^7.1.6"
      is-reference "^1.2.1"
      magic-string "^0.25.7"
      resolve "^1.17.0"
  
  "@rollup/plugin-node-resolve@^10.0.0":
    version "10.0.0"
    resolved "https://registry.yarnpkg.com/@rollup/plugin-node-resolve/-/plugin-node-resolve-10.0.0.tgz#44064a2b98df7530e66acf8941ff262fc9b4ead8"
    integrity sha512-sNijGta8fqzwA1VwUEtTvWCx2E7qC70NMsDh4ZG13byAXYigBNZMxALhKUSycBks5gupJdq0lFrKumFrRZ8H3A==
    dependencies:
      "@rollup/pluginutils" "^3.1.0"
      "@types/resolve" "1.17.1"
      builtin-modules "^3.1.0"
      deepmerge "^4.2.2"
      is-module "^1.0.0"
      resolve "^1.17.0"
  
  "@rollup/pluginutils@4":
    version "4.1.0"
    resolved "https://registry.yarnpkg.com/@rollup/pluginutils/-/pluginutils-4.1.0.tgz#0dcc61c780e39257554feb7f77207dceca13c838"
    integrity sha512-TrBhfJkFxA+ER+ew2U2/fHbebhLT/l/2pRk0hfj9KusXUuRXd2v0R58AfaZK9VXDQ4TogOSEmICVrQAA3zFnHQ==
    dependencies:
      estree-walker "^2.0.1"
      picomatch "^2.2.2"
  
  "@rollup/pluginutils@^3.1.0":
    version "3.1.0"
    resolved "https://registry.yarnpkg.com/@rollup/pluginutils/-/pluginutils-3.1.0.tgz#706b4524ee6dc8b103b3c995533e5ad680c02b9b"
    integrity sha512-GksZ6pr6TpIjHm8h9lSQ8pi8BE9VeubNT0OMJ3B5uZJ8pz73NPiqOtCog/x2/QzM1ENChPKxMDhiQuRHsqc+lg==
    dependencies:
      "@types/estree" "0.0.39"
      estree-walker "^1.0.1"
      picomatch "^2.2.2"
  
  "@types/estree@*":
    version "0.0.45"
    resolved "https://registry.yarnpkg.com/@types/estree/-/estree-0.0.45.tgz#e9387572998e5ecdac221950dab3e8c3b16af884"
    integrity sha512-jnqIUKDUqJbDIUxm0Uj7bnlMnRm1T/eZ9N+AVMqhPgzrba2GhGG5o/jCTwmdPK709nEZsGoMzXEDUjcXHa3W0g==
  
  "@types/estree@0.0.39":
    version "0.0.39"
    resolved "https://registry.yarnpkg.com/@types/estree/-/estree-0.0.39.tgz#e177e699ee1b8c22d23174caaa7422644389509f"
    integrity sha512-EYNwp3bU+98cpU4lAWYYL7Zz+2gryWH1qbdDTidVd6hkiR6weksdbMadyXKXNPEkQFhXM+hVO9ZygomHXp+AIw==
  
  "@types/node@*":
    version "14.14.20"
    resolved "https://registry.yarnpkg.com/@types/node/-/node-14.14.20.tgz#f7974863edd21d1f8a494a73e8e2b3658615c340"
    integrity sha512-Y93R97Ouif9JEOWPIUyU+eyIdyRqQR0I8Ez1dzku4hDx34NWh4HbtIc3WNzwB1Y9ULvNGeu5B8h8bVL5cAk4/A==
  
  "@types/resolve@1.17.1":
    version "1.17.1"
    resolved "https://registry.yarnpkg.com/@types/resolve/-/resolve-1.17.1.tgz#3afd6ad8967c77e4376c598a82ddd58f46ec45d6"
    integrity sha512-yy7HuzQhj0dhGpD8RLXSZWEkLsV9ibvxvi6EiJ3bkqLAO1RGo0WbkWQiwpRlSFymTJRz0d3k5LM3kkx8ArDbLw==
    dependencies:
      "@types/node" "*"
  
  ansi-styles@^3.2.1:
    version "3.2.1"
    resolved "https://registry.yarnpkg.com/ansi-styles/-/ansi-styles-3.2.1.tgz#41fbb20243e50b12be0f04b8dedbf07520ce841d"
    integrity sha512-VT0ZI6kZRdTh8YyJw3SMbYm/u+NqfsAxEpWO0Pf9sq8/e94WxxOpPKx9FR1FlyCtOVDNOQ+8ntlqFxiRc+r5qA==
    dependencies:
      color-convert "^1.9.0"
  
  anymatch@~3.1.1:
    version "3.1.1"
    resolved "https://registry.yarnpkg.com/anymatch/-/anymatch-3.1.1.tgz#c55ecf02185e2469259399310c173ce31233b142"
    integrity sha512-mM8522psRCqzV+6LhomX5wgp25YVibjh8Wj23I5RPkPppSVSjyKD2A2mBJmWGa+KN7f2D6LNh9jkBCeyLktzjg==
    dependencies:
      normalize-path "^3.0.0"
      picomatch "^2.0.4"
  
  async-limiter@~1.0.0:
    version "1.0.1"
    resolved "https://registry.yarnpkg.com/async-limiter/-/async-limiter-1.0.1.tgz#dd379e94f0db8310b08291f9d64c3209766617fd"
    integrity sha512-csOlWGAcRFJaI6m+F2WKdnMKr4HhdhFVBk0H/QbJFMCr+uO2kwohwXQPxw/9OCxp05r5ghVBFSyioixx3gfkNQ==
  
  balanced-match@^1.0.0:
    version "1.0.0"
    resolved "https://registry.yarnpkg.com/balanced-match/-/balanced-match-1.0.0.tgz#89b4d199ab2bee49de164ea02b89ce462d71b767"
    integrity sha1-ibTRmasr7kneFk6gK4nORi1xt2c=
  
  binary-extensions@^2.0.0:
    version "2.1.0"
    resolved "https://registry.yarnpkg.com/binary-extensions/-/binary-extensions-2.1.0.tgz#30fa40c9e7fe07dbc895678cd287024dea241dd9"
    integrity sha512-1Yj8h9Q+QDF5FzhMs/c9+6UntbD5MkRfRwac8DoEm9ZfUBZ7tZ55YcGVAzEe4bXsdQHEk+s9S5wsOKVdZrw0tQ==
  
  brace-expansion@^1.1.7:
    version "1.1.11"
    resolved "https://registry.yarnpkg.com/brace-expansion/-/brace-expansion-1.1.11.tgz#3c7fcbf529d87226f3d2f52b966ff5271eb441dd"
    integrity sha512-iCuPHDFgrHX7H2vEI/5xpz07zSHB00TpugqhmYtVmMO6518mCuRMoOYFldEBl0g187ufozdaHgWKcYFb61qGiA==
    dependencies:
      balanced-match "^1.0.0"
      concat-map "0.0.1"
  
  braces@~3.0.2:
    version "3.0.2"
    resolved "https://registry.yarnpkg.com/braces/-/braces-3.0.2.tgz#3454e1a462ee8d599e236df336cd9ea4f8afe107"
    integrity sha512-b8um+L1RzM3WDSzvhm6gIz1yfTbBt6YTlcEKAvsmqCZZFw46z626lVj9j1yEPW33H5H+lBQpZMP1k8l+78Ha0A==
    dependencies:
      fill-range "^7.0.1"
  
  buffer-from@^1.0.0:
    version "1.1.1"
    resolved "https://registry.yarnpkg.com/buffer-from/-/buffer-from-1.1.1.tgz#32713bc028f75c02fdb710d7c7bcec1f2c6070ef"
    integrity sha512-MQcXEUbCKtEo7bhqEs6560Hyd4XaovZlO/k9V3hjVUF/zwW7KBVdSK4gIt/bzwS9MbR5qob+F5jusZsb0YQK2A==
  
  builtin-modules@^3.1.0:
    version "3.2.0"
    resolved "https://registry.yarnpkg.com/builtin-modules/-/builtin-modules-3.2.0.tgz#45d5db99e7ee5e6bc4f362e008bf917ab5049887"
    integrity sha512-lGzLKcioL90C7wMczpkY0n/oART3MbBa8R9OFGE1rJxoVI86u4WAGfEk8Wjv10eKSyTHVGkSo3bvBylCEtk7LA==
  
  chalk@^2.0.0:
    version "2.4.2"
    resolved "https://registry.yarnpkg.com/chalk/-/chalk-2.4.2.tgz#cd42541677a54333cf541a49108c1432b44c9424"
    integrity sha512-Mti+f9lpJNcwF4tWV8/OrTTtF1gZi+f8FqlyAdouralcFWFQWF2+NgCHShjkCb+IFBLq9buZwE1xckQU4peSuQ==
    dependencies:
      ansi-styles "^3.2.1"
      escape-string-regexp "^1.0.5"
      supports-color "^5.3.0"
  
  chokidar@^3.3.0:
    version "3.4.3"
    resolved "https://registry.yarnpkg.com/chokidar/-/chokidar-3.4.3.tgz#c1df38231448e45ca4ac588e6c79573ba6a57d5b"
    integrity sha512-DtM3g7juCXQxFVSNPNByEC2+NImtBuxQQvWlHunpJIS5Ocr0lG306cC7FCi7cEA0fzmybPUIl4txBIobk1gGOQ==
    dependencies:
      anymatch "~3.1.1"
      braces "~3.0.2"
      glob-parent "~5.1.0"
      is-binary-path "~2.1.0"
      is-glob "~4.0.1"
      normalize-path "~3.0.0"
      readdirp "~3.5.0"
    optionalDependencies:
      fsevents "~2.1.2"
  
  color-convert@^1.9.0:
    version "1.9.3"
    resolved "https://registry.yarnpkg.com/color-convert/-/color-convert-1.9.3.tgz#bb71850690e1f136567de629d2d5471deda4c1e8"
    integrity sha512-QfAUtd+vFdAtFQcC8CCyYt1fYWxSqAiK2cSD6zDB8N3cpsEBAvRxp9zOGg6G/SHHJYAT88/az/IuDGALsNVbGg==
    dependencies:
      color-name "1.1.3"
  
  color-name@1.1.3:
    version "1.1.3"
    resolved "https://registry.yarnpkg.com/color-name/-/color-name-1.1.3.tgz#a7d0558bd89c42f795dd42328f740831ca53bc25"
    integrity sha1-p9BVi9icQveV3UIyj3QIMcpTvCU=
  
  commander@^2.20.0:
    version "2.20.3"
    resolved "https://registry.yarnpkg.com/commander/-/commander-2.20.3.tgz#fd485e84c03eb4881c20722ba48035e8531aeb33"
    integrity sha512-GpVkmM8vF2vQUkj2LvZmD35JxeJOLCwJ9cUkugyk2nuhbv3+mJvpLYYt+0+USMxE+oj+ey/lJEnhZw75x/OMcQ==
  
  commondir@^1.0.1:
    version "1.0.1"
    resolved "https://registry.yarnpkg.com/commondir/-/commondir-1.0.1.tgz#ddd800da0c66127393cca5950ea968a3aaf1253b"
    integrity sha1-3dgA2gxmEnOTzKWVDqloo6rxJTs=
  
  concat-map@0.0.1:
    version "0.0.1"
    resolved "https://registry.yarnpkg.com/concat-map/-/concat-map-0.0.1.tgz#d8a96bd77fd68df7793a73036a3ba0d5405d477b"
    integrity sha1-2Klr13/Wjfd5OnMDajug1UBdR3s=
  
  console-clear@^1.1.0:
    version "1.1.1"
    resolved "https://registry.yarnpkg.com/console-clear/-/console-clear-1.1.1.tgz#995e20cbfbf14dd792b672cde387bd128d674bf7"
    integrity sha512-pMD+MVR538ipqkG5JXeOEbKWS5um1H4LUUccUQG68qpeqBYbzYy79Gh55jkd2TtPdRfUaLWdv6LPP//5Zt0aPQ==
  
  deepmerge@^4.2.2:
    version "4.2.2"
    resolved "https://registry.yarnpkg.com/deepmerge/-/deepmerge-4.2.2.tgz#44d2ea3679b8f4d4ffba33f03d865fc1e7bf4955"
    integrity sha512-FJ3UgI4gIl+PHZm53knsuSFpE+nESMr7M4v9QcgB7S63Kj/6WqMiFQJpBBYz1Pt+66bZpP3Q7Lye0Oo9MPKEdg==
  
  earcut@^2.1.5:
    version "2.2.2"
    resolved "https://registry.yarnpkg.com/earcut/-/earcut-2.2.2.tgz#41b0bc35f63e0fe80da7cddff28511e7e2e80d11"
    integrity sha512-eZoZPPJcUHnfRZ0PjLvx2qBordSiO8ofC3vt+qACLM95u+4DovnbYNpQtJh0DNsWj8RnxrQytD4WA8gj5cRIaQ==
  
  es6-promise-polyfill@^1.2.0:
    version "1.2.0"
    resolved "https://registry.yarnpkg.com/es6-promise-polyfill/-/es6-promise-polyfill-1.2.0.tgz#f38925f23cb3e3e8ce6cda8ff774fcebbb090cde"
    integrity sha1-84kl8jyz4+jObNqP93T867sJDN4=
  
  escape-string-regexp@^1.0.5:
    version "1.0.5"
    resolved "https://registry.yarnpkg.com/escape-string-regexp/-/escape-string-regexp-1.0.5.tgz#1b61c0562190a8dff6ae3bb2cf0200ca130b86d4"
    integrity sha1-G2HAViGQqN/2rjuyzwIAyhMLhtQ=
  
  estree-walker@^0.6.1:
    version "0.6.1"
    resolved "https://registry.yarnpkg.com/estree-walker/-/estree-walker-0.6.1.tgz#53049143f40c6eb918b23671d1fe3219f3a1b362"
    integrity sha512-SqmZANLWS0mnatqbSfRP5g8OXZC12Fgg1IwNtLsyHDzJizORW4khDfjPqJZsemPWBB2uqykUah5YpQ6epsqC/w==
  
  estree-walker@^1.0.1:
    version "1.0.1"
    resolved "https://registry.yarnpkg.com/estree-walker/-/estree-walker-1.0.1.tgz#31bc5d612c96b704106b477e6dd5d8aa138cb700"
    integrity sha512-1fMXF3YP4pZZVozF8j/ZLfvnR8NSIljt56UhbZ5PeeDmmGHpgpdwQt7ITlGvYaQukCvuBRMLEiKiYC+oeIg4cg==
  
  estree-walker@^2.0.1:
    version "2.0.2"
    resolved "https://registry.yarnpkg.com/estree-walker/-/estree-walker-2.0.2.tgz#52f010178c2a4c117a7757cfe942adb7d2da4cac"
    integrity sha512-Rfkk/Mp/DL7JVje3u18FxFujQlTNR2q6QfMSMB7AvCBx91NGj/ba3kCfza0f6dVDbw7YlRf/nDrn7pQrCCyQ/w==
  
  eventemitter3@^3.1.0:
    version "3.1.2"
    resolved "https://registry.yarnpkg.com/eventemitter3/-/eventemitter3-3.1.2.tgz#2d3d48f9c346698fce83a85d7d664e98535df6e7"
    integrity sha512-tvtQIeLVHjDkJYnzf2dgVMxfuSGJeM/7UCG17TT4EumTfNtF+0nebF/4zWOIkCreAbtNqhGEboB6BWrwqNaw4Q==
  
  fill-range@^7.0.1:
    version "7.0.1"
    resolved "https://registry.yarnpkg.com/fill-range/-/fill-range-7.0.1.tgz#1919a6a7c75fe38b2c7c77e5198535da9acdda40"
    integrity sha512-qOo9F+dMUmC2Lcb4BbVvnKJxTPjCm+RRpe4gDuGrzkL7mEVl/djYSu2OdQ2Pa302N4oqkSg9ir6jaLWJ2USVpQ==
    dependencies:
      to-regex-range "^5.0.1"
  
  fs.realpath@^1.0.0:
    version "1.0.0"
    resolved "https://registry.yarnpkg.com/fs.realpath/-/fs.realpath-1.0.0.tgz#1504ad2523158caa40db4a2787cb01411994ea4f"
    integrity sha1-FQStJSMVjKpA20onh8sBQRmU6k8=
  
  fsevents@~2.1.2:
    version "2.1.3"
    resolved "https://registry.yarnpkg.com/fsevents/-/fsevents-2.1.3.tgz#fb738703ae8d2f9fe900c33836ddebee8b97f23e"
    integrity sha512-Auw9a4AxqWpa9GUfj370BMPzzyncfBABW8Mab7BGWBYDj4Isgq+cDKtx0i6u9jcX9pQDnswsaaOTgTmA5pEjuQ==
  
  function-bind@^1.1.1:
    version "1.1.1"
    resolved "https://registry.yarnpkg.com/function-bind/-/function-bind-1.1.1.tgz#a56899d3ea3c9bab874bb9773b7c5ede92f4895d"
    integrity sha512-yIovAzMX49sF8Yl58fSCWJ5svSLuaibPxXQJFLmBObTuCr0Mf1KiPopGM9NiFjiYBCbfaa2Fh6breQ6ANVTI0A==
  
  get-port@^3.2.0:
    version "3.2.0"
    resolved "https://registry.yarnpkg.com/get-port/-/get-port-3.2.0.tgz#dd7ce7de187c06c8bf353796ac71e099f0980ebc"
    integrity sha1-3Xzn3hh8Bsi/NTeWrHHgmfCYDrw=
  
  glob-parent@~5.1.0:
    version "5.1.1"
    resolved "https://registry.yarnpkg.com/glob-parent/-/glob-parent-5.1.1.tgz#b6c1ef417c4e5663ea498f1c45afac6916bbc229"
    integrity sha512-FnI+VGOpnlGHWZxthPGR+QhR78fuiK0sNLkHQv+bL9fQi57lNNdquIbna/WrfROrolq8GK5Ek6BiMwqL/voRYQ==
    dependencies:
      is-glob "^4.0.1"
  
  glob@^7.1.6:
    version "7.1.6"
    resolved "https://registry.yarnpkg.com/glob/-/glob-7.1.6.tgz#141f33b81a7c2492e125594307480c46679278a6"
    integrity sha512-LwaxwyZ72Lk7vZINtNNrywX0ZuLyStrdDtabefZKAY5ZGJhVtgdznluResxNmPitE0SAO+O26sWTHeKSI2wMBA==
    dependencies:
      fs.realpath "^1.0.0"
      inflight "^1.0.4"
      inherits "2"
      minimatch "^3.0.4"
      once "^1.3.0"
      path-is-absolute "^1.0.0"
  
  has-flag@^3.0.0:
    version "3.0.0"
    resolved "https://registry.yarnpkg.com/has-flag/-/has-flag-3.0.0.tgz#b5d454dc2199ae225699f3467e5a07f3b955bafd"
    integrity sha1-tdRU3CGZriJWmfNGfloH87lVuv0=
  
  has-flag@^4.0.0:
    version "4.0.0"
    resolved "https://registry.yarnpkg.com/has-flag/-/has-flag-4.0.0.tgz#944771fd9c81c81265c4d6941860da06bb59479b"
    integrity sha512-EykJT/Q1KjTWctppgIAgfSO0tKVuZUjhgMr17kqTumMl6Afv3EISleU7qZUzoXDFTAHTDC4NOoG/ZxU3EvlMPQ==
  
  has@^1.0.3:
    version "1.0.3"
    resolved "https://registry.yarnpkg.com/has/-/has-1.0.3.tgz#722d7cbfc1f6aa8241f16dd814e011e1f41e8796"
    integrity sha512-f2dvO0VU6Oej7RkWJGrehjbzMAjFp5/VKPp5tTpWIV4JHHZK1/BxbFRtf/siA2SWTe09caDmVtYYzWEIbBS4zw==
    dependencies:
      function-bind "^1.1.1"
  
  inflight@^1.0.4:
    version "1.0.6"
    resolved "https://registry.yarnpkg.com/inflight/-/inflight-1.0.6.tgz#49bd6331d7d02d0c09bc910a1075ba8165b56df9"
    integrity sha1-Sb1jMdfQLQwJvJEKEHW6gWW1bfk=
    dependencies:
      once "^1.3.0"
      wrappy "1"
  
  inherits@2:
    version "2.0.4"
    resolved "https://registry.yarnpkg.com/inherits/-/inherits-2.0.4.tgz#0fa2c64f932917c3433a0ded55363aae37416b7c"
    integrity sha512-k/vGaX4/Yla3WzyMCvTQOXYeIHvqOKtnqBduzTHpzpQZzAskKMhZ2K+EnBiSM9zGSoIFeMpXKxa4dYeZIQqewQ==
  
  is-binary-path@~2.1.0:
    version "2.1.0"
    resolved "https://registry.yarnpkg.com/is-binary-path/-/is-binary-path-2.1.0.tgz#ea1f7f3b80f064236e83470f86c09c254fb45b09"
    integrity sha512-ZMERYes6pDydyuGidse7OsHxtbI7WVeUEozgR/g7rd0xUimYNlvZRE/K2MgZTjWy725IfelLeVcEM97mmtRGXw==
    dependencies:
      binary-extensions "^2.0.0"
  
  is-core-module@^2.1.0:
    version "2.2.0"
    resolved "https://registry.yarnpkg.com/is-core-module/-/is-core-module-2.2.0.tgz#97037ef3d52224d85163f5597b2b63d9afed981a"
    integrity sha512-XRAfAdyyY5F5cOXn7hYQDqh2Xmii+DEfIcQGxK/uNwMHhIkPWO0g8msXcbzLe+MpGoR951MlqM/2iIlU4vKDdQ==
    dependencies:
      has "^1.0.3"
  
  is-extglob@^2.1.1:
    version "2.1.1"
    resolved "https://registry.yarnpkg.com/is-extglob/-/is-extglob-2.1.1.tgz#a88c02535791f02ed37c76a1b9ea9773c833f8c2"
    integrity sha1-qIwCU1eR8C7TfHahueqXc8gz+MI=
  
  is-glob@^4.0.1, is-glob@~4.0.1:
    version "4.0.1"
    resolved "https://registry.yarnpkg.com/is-glob/-/is-glob-4.0.1.tgz#7567dbe9f2f5e2467bc77ab83c4a29482407a5dc"
    integrity sha512-5G0tKtBTFImOqDnLB2hG6Bp2qcKEFduo4tZu9MT/H6NQv/ghhy30o55ufafxJ/LdH79LLs2Kfrn85TLKyA7BUg==
    dependencies:
      is-extglob "^2.1.1"
  
  is-module@^1.0.0:
    version "1.0.0"
    resolved "https://registry.yarnpkg.com/is-module/-/is-module-1.0.0.tgz#3258fb69f78c14d5b815d664336b4cffb6441591"
    integrity sha1-Mlj7afeMFNW4FdZkM2tM/7ZEFZE=
  
  is-number@^7.0.0:
    version "7.0.0"
    resolved "https://registry.yarnpkg.com/is-number/-/is-number-7.0.0.tgz#7535345b896734d5f80c4d06c50955527a14f12b"
    integrity sha512-41Cifkg6e8TylSpdtTpeLVMqvSBEVzTttHvERD741+pnZ8ANv0004MRL43QKPDlK9cGvNp6NZWZUBlbGXYxxng==
  
  is-reference@^1.2.1:
    version "1.2.1"
    resolved "https://registry.yarnpkg.com/is-reference/-/is-reference-1.2.1.tgz#8b2dac0b371f4bc994fdeaba9eb542d03002d0b7"
    integrity sha512-U82MsXXiFIrjCK4otLT+o2NA2Cd2g5MLoOVXUZjIOhLurrRxpEXzI8O0KZHr3IjLvlAH1kTPYSuqer5T9ZVBKQ==
    dependencies:
      "@types/estree" "*"
  
  ismobilejs@^1.1.0:
    version "1.1.1"
    resolved "https://registry.yarnpkg.com/ismobilejs/-/ismobilejs-1.1.1.tgz#c56ca0ae8e52b24ca0f22ba5ef3215a2ddbbaa0e"
    integrity sha512-VaFW53yt8QO61k2WJui0dHf4SlL8lxBofUuUmwBo0ljPk0Drz2TiuDW4jo3wDcv41qy/SxrJ+VAzJ/qYqsmzRw==
  
  jest-worker@^26.2.1:
    version "26.6.2"
    resolved "https://registry.yarnpkg.com/jest-worker/-/jest-worker-26.6.2.tgz#7f72cbc4d643c365e27b9fd775f9d0eaa9c7a8ed"
    integrity sha512-KWYVV1c4i+jbMpaBC+U++4Va0cp8OisU185o73T1vo99hqi7w8tSJfUXYswwqqrjzwxa6KpRK54WhPvwf5w6PQ==
    dependencies:
      "@types/node" "*"
      merge-stream "^2.0.0"
      supports-color "^7.0.0"
  
  js-tokens@^4.0.0:
    version "4.0.0"
    resolved "https://registry.yarnpkg.com/js-tokens/-/js-tokens-4.0.0.tgz#19203fb59991df98e3a287050d4647cdeaf32499"
    integrity sha512-RdJUflcE3cUzKiMqQgsCu06FPu9UdIJO0beYbPhHN4k6apgJtifcoCtT9bcxOpYBtpD2kCM6Sbzg4CausW/PKQ==
  
  kleur@^3.0.0:
    version "3.0.3"
    resolved "https://registry.yarnpkg.com/kleur/-/kleur-3.0.3.tgz#a79c9ecc86ee1ce3fa6206d1216c501f147fc07e"
    integrity sha512-eTIzlVOSUR+JxdDFepEYcBMtZ9Qqdef+rnzWdRZuMbOywu5tO2w2N7rqjoANZ5k9vywhL6Br1VRjUIgTQx4E8w==
  
  livereload-js@^3.1.0:
    version "3.3.1"
    resolved "https://registry.yarnpkg.com/livereload-js/-/livereload-js-3.3.1.tgz#61f887468086762e61fb2987412cf9d1dda99202"
    integrity sha512-CBu1gTEfzVhlOK1WASKAAJ9Qx1fHECTq0SUB67sfxwQssopTyvzqTlgl+c0h9pZ6V+Fzd2rc510ppuNusg9teQ==
  
  livereload@^0.9.1:
    version "0.9.1"
    resolved "https://registry.yarnpkg.com/livereload/-/livereload-0.9.1.tgz#65125dabdf2db4fd3f1169e953fe56e3bcc6f477"
    integrity sha512-9g7sua11kkyZNo2hLRCG3LuZZwqexoyEyecSlV8cAsfAVVCZqLzVir6XDqmH0r+Vzgnd5LrdHDMyjtFnJQLAYw==
    dependencies:
      chokidar "^3.3.0"
      livereload-js "^3.1.0"
      opts ">= 1.2.0"
      ws "^6.2.1"
  
  local-access@^1.0.1:
    version "1.1.0"
    resolved "https://registry.yarnpkg.com/local-access/-/local-access-1.1.0.tgz#e007c76ba2ca83d5877ba1a125fc8dfe23ba4798"
    integrity sha512-XfegD5pyTAfb+GY6chk283Ox5z8WexG56OvM06RWLpAc/UHozO8X6xAxEkIitZOtsSMM1Yr3DkHgW5W+onLhCw==
  
  magic-string@^0.25.7:
    version "0.25.7"
    resolved "https://registry.yarnpkg.com/magic-string/-/magic-string-0.25.7.tgz#3f497d6fd34c669c6798dcb821f2ef31f5445051"
    integrity sha512-4CrMT5DOHTDk4HYDlzmwu4FVCcIYI8gauveasrdCu2IKIFOJ3f0v/8MDGJCDL9oD2ppz/Av1b0Nj345H9M+XIA==
    dependencies:
      sourcemap-codec "^1.4.4"
  
  merge-stream@^2.0.0:
    version "2.0.0"
    resolved "https://registry.yarnpkg.com/merge-stream/-/merge-stream-2.0.0.tgz#52823629a14dd00c9770fb6ad47dc6310f2c1f60"
    integrity sha512-abv/qOcuPfk3URPfDzmZU1LKmuw8kT+0nIHvKrKgFrwifol/doWcdA4ZqsWQ8ENrFKkd67Mfpo/LovbIUsbt3w==
  
  mime@^2.3.1:
    version "2.4.7"
    resolved "https://registry.yarnpkg.com/mime/-/mime-2.4.7.tgz#962aed9be0ed19c91fd7dc2ece5d7f4e89a90d74"
    integrity sha512-dhNd1uA2u397uQk3Nv5LM4lm93WYDUXFn3Fu291FJerns4jyTudqhIWe4W04YLy7Uk1tm1Ore04NpjRvQp/NPA==
  
  mini-signals@^1.2.0:
    version "1.2.0"
    resolved "https://registry.yarnpkg.com/mini-signals/-/mini-signals-1.2.0.tgz#45b08013c5fae51a24aa1a935cd317c9ed721d74"
    integrity sha1-RbCAE8X65RokqhqTXNMXye1yHXQ=
  
  minimatch@^3.0.4:
    version "3.0.4"
    resolved "https://registry.yarnpkg.com/minimatch/-/minimatch-3.0.4.tgz#5166e286457f03306064be5497e8dbb0c3d32083"
    integrity sha512-yJHVQEhyqPLUTgt9B83PXu6W3rx4MvvHvSUvToogpwoGDOUQ+yDrR0HRot+yOCdCO7u4hX3pWft6kWBBcqh0UA==
    dependencies:
      brace-expansion "^1.1.7"
  
  mri@^1.1.0:
    version "1.1.6"
    resolved "https://registry.yarnpkg.com/mri/-/mri-1.1.6.tgz#49952e1044db21dbf90f6cd92bc9c9a777d415a6"
    integrity sha512-oi1b3MfbyGa7FJMP9GmLTttni5JoICpYBRlq+x5V16fZbLsnL9N3wFqqIm/nIG43FjUFkFh9Epzp/kzUGUnJxQ==
  
  normalize-path@^3.0.0, normalize-path@~3.0.0:
    version "3.0.0"
    resolved "https://registry.yarnpkg.com/normalize-path/-/normalize-path-3.0.0.tgz#0dcd69ff23a1c9b11fd0978316644a0388216a65"
    integrity sha512-6eZs5Ls3WtCisHWp9S2GUy8dqkpGi4BVSz3GaqiE6ezub0512ESztXUwUB6C6IKbQkY2Pnb/mD4WYojCRwcwLA==
  
  object-assign@^4.1.1:
    version "4.1.1"
    resolved "https://registry.yarnpkg.com/object-assign/-/object-assign-4.1.1.tgz#2109adc7965887cfc05cbbd442cac8bfbb360863"
    integrity sha1-IQmtx5ZYh8/AXLvUQsrIv7s2CGM=
  
  once@^1.3.0:
    version "1.4.0"
    resolved "https://registry.yarnpkg.com/once/-/once-1.4.0.tgz#583b1aa775961d4b113ac17d9c50baef9dd76bd1"
    integrity sha1-WDsap3WWHUsROsF9nFC6753Xa9E=
    dependencies:
      wrappy "1"
  
  "opts@>= 1.2.0":
    version "2.0.2"
    resolved "https://registry.yarnpkg.com/opts/-/opts-2.0.2.tgz#a17e189fbbfee171da559edd8a42423bc5993ce1"
    integrity sha512-k41FwbcLnlgnFh69f4qdUfvDQ+5vaSDnVPFI/y5XuhKRq97EnVVneO9F1ESVCdiVu4fCS2L8usX3mU331hB7pg==
  
  parse-uri@^1.0.0:
    version "1.0.3"
    resolved "https://registry.yarnpkg.com/parse-uri/-/parse-uri-1.0.3.tgz#f3c24a74907a4e357c1741e96ca9faadecfd6db5"
    integrity sha512-upMnGxNcm+45So85HoguwZTVZI9u11i36DdxJfGF2HYWS2eh3TIx7+/tTi7qrEq15qzGkVhsKjesau+kCk48pA==
  
  path-is-absolute@^1.0.0:
    version "1.0.1"
    resolved "https://registry.yarnpkg.com/path-is-absolute/-/path-is-absolute-1.0.1.tgz#174b9268735534ffbc7ace6bf53a5a9e1b5c5f5f"
    integrity sha1-F0uSaHNVNP+8es5r9TpanhtcX18=
  
  path-parse@^1.0.6:
    version "1.0.6"
    resolved "https://registry.yarnpkg.com/path-parse/-/path-parse-1.0.6.tgz#d62dbb5679405d72c4737ec58600e9ddcf06d24c"
    integrity sha512-GSmOT2EbHrINBf9SR7CDELwlJ8AENk3Qn7OikK4nFYAu3Ote2+JYNVvkpAEQm3/TLNEJFD/xZJjzyxg3KBWOzw==
  
  picomatch@^2.0.4, picomatch@^2.2.1, picomatch@^2.2.2:
    version "2.2.2"
    resolved "https://registry.yarnpkg.com/picomatch/-/picomatch-2.2.2.tgz#21f333e9b6b8eaff02468f5146ea406d345f4dad"
    integrity sha512-q0M/9eZHzmr0AulXyPwNfZjtwZ/RBZlbN3K3CErVrk50T2ASYI7Bye0EvekFY3IP1Nt2DHu0re+V2ZHIpMkuWg==
  
  pixi-filters@^3.2.2:
    version "3.2.2"
    resolved "https://registry.yarnpkg.com/pixi-filters/-/pixi-filters-3.2.2.tgz#10011571c27d7738999332336df299c49fff3f4e"
    integrity sha512-mCt4nn/9ta1EvM9NxAM+O3wl6q8/8rkq0NSsCTLj1XQbxvKbaahLVSpiE2TtX8u7BF2ll/PhOWsr6yC/sI8lMA==
    dependencies:
      "@pixi/filter-adjustment" "3.1.1"
      "@pixi/filter-advanced-bloom" "3.2.0"
      "@pixi/filter-ascii" "3.1.1"
      "@pixi/filter-bevel" "3.2.1"
      "@pixi/filter-bloom" "3.2.0"
      "@pixi/filter-bulge-pinch" "3.1.1"
      "@pixi/filter-color-map" "3.1.1"
      "@pixi/filter-color-overlay" "3.1.1"
      "@pixi/filter-color-replace" "3.1.1"
      "@pixi/filter-convolution" "3.2.1"
      "@pixi/filter-cross-hatch" "3.1.1"
      "@pixi/filter-crt" "3.2.0"
      "@pixi/filter-dot" "3.1.1"
      "@pixi/filter-drop-shadow" "3.2.0"
      "@pixi/filter-emboss" "3.1.1"
      "@pixi/filter-glitch" "3.1.1"
      "@pixi/filter-glow" "3.2.0"
      "@pixi/filter-godray" "3.2.0"
      "@pixi/filter-kawase-blur" "3.2.0"
      "@pixi/filter-motion-blur" "3.1.1"
      "@pixi/filter-multi-color-replace" "3.1.1"
      "@pixi/filter-old-film" "3.1.1"
      "@pixi/filter-outline" "3.2.0"
      "@pixi/filter-pixelate" "3.1.1"
      "@pixi/filter-radial-blur" "3.1.1"
      "@pixi/filter-reflection" "3.1.1"
      "@pixi/filter-rgb-split" "3.1.1"
      "@pixi/filter-shockwave" "3.1.1"
      "@pixi/filter-simple-lightmap" "3.1.1"
      "@pixi/filter-tilt-shift" "3.2.0"
      "@pixi/filter-twist" "3.2.1"
      "@pixi/filter-zoom-blur" "3.2.1"
  
  pixi.js@^5.3.7:
    version "5.3.7"
    resolved "https://registry.yarnpkg.com/pixi.js/-/pixi.js-5.3.7.tgz#d295076cdb631a0578ee5976d9da195087b6a50e"
    integrity sha512-DyFTn6sHB6njtBd879OCx7UZpt8dpVtOSNuLAdVaWZ2GhAFsTY59n07Ol0f+zx07QtpCmSt1P3pXGHjt9sPzbw==
    dependencies:
      "@pixi/accessibility" "5.3.7"
      "@pixi/app" "5.3.7"
      "@pixi/constants" "5.3.7"
      "@pixi/core" "5.3.7"
      "@pixi/display" "5.3.7"
      "@pixi/extract" "5.3.7"
      "@pixi/filter-alpha" "5.3.7"
      "@pixi/filter-blur" "5.3.7"
      "@pixi/filter-color-matrix" "5.3.7"
      "@pixi/filter-displacement" "5.3.7"
      "@pixi/filter-fxaa" "5.3.7"
      "@pixi/filter-noise" "5.3.7"
      "@pixi/graphics" "5.3.7"
      "@pixi/interaction" "5.3.7"
      "@pixi/loaders" "5.3.7"
      "@pixi/math" "5.3.7"
      "@pixi/mesh" "5.3.7"
      "@pixi/mesh-extras" "5.3.7"
      "@pixi/mixin-cache-as-bitmap" "5.3.7"
      "@pixi/mixin-get-child-by-name" "5.3.7"
      "@pixi/mixin-get-global-position" "5.3.7"
      "@pixi/particles" "5.3.7"
      "@pixi/polyfill" "5.3.7"
      "@pixi/prepare" "5.3.7"
      "@pixi/runner" "5.3.7"
      "@pixi/settings" "5.3.7"
      "@pixi/sprite" "5.3.7"
      "@pixi/sprite-animated" "5.3.7"
      "@pixi/sprite-tiling" "5.3.7"
      "@pixi/spritesheet" "5.3.7"
      "@pixi/text" "5.3.7"
      "@pixi/text-bitmap" "5.3.7"
      "@pixi/ticker" "5.3.7"
      "@pixi/utils" "5.3.7"
  
  punycode@1.3.2:
    version "1.3.2"
    resolved "https://registry.yarnpkg.com/punycode/-/punycode-1.3.2.tgz#9653a036fb7c1ee42342f2325cceefea3926c48d"
    integrity sha1-llOgNvt8HuQjQvIyXM7v6jkmxI0=
  
  querystring@0.2.0:
    version "0.2.0"
    resolved "https://registry.yarnpkg.com/querystring/-/querystring-0.2.0.tgz#b209849203bb25df820da756e747005878521620"
    integrity sha1-sgmEkgO7Jd+CDadW50cAWHhSFiA=
  
  randombytes@^2.1.0:
    version "2.1.0"
    resolved "https://registry.yarnpkg.com/randombytes/-/randombytes-2.1.0.tgz#df6f84372f0270dc65cdf6291349ab7a473d4f2a"
    integrity sha512-vYl3iOX+4CKUWuxGi9Ukhie6fsqXqS9FE2Zaic4tNFD2N2QQaXOMFbuKK4QmDHC0JO6B1Zp41J0LpT0oR68amQ==
    dependencies:
      safe-buffer "^5.1.0"
  
  readdirp@~3.5.0:
    version "3.5.0"
    resolved "https://registry.yarnpkg.com/readdirp/-/readdirp-3.5.0.tgz#9ba74c019b15d365278d2e91bb8c48d7b4d42c9e"
    integrity sha512-cMhu7c/8rdhkHXWsY+osBhfSy0JikwpHK/5+imo+LpeasTF8ouErHrlYkwT0++njiyuDvc7OFY5T3ukvZ8qmFQ==
    dependencies:
      picomatch "^2.2.1"
  
  require-relative@^0.8.7:
    version "0.8.7"
    resolved "https://registry.yarnpkg.com/require-relative/-/require-relative-0.8.7.tgz#7999539fc9e047a37928fa196f8e1563dabd36de"
    integrity sha1-eZlTn8ngR6N5KPoZb44VY9q9Nt4=
  
  resolve@^1.17.0:
    version "1.19.0"
    resolved "https://registry.yarnpkg.com/resolve/-/resolve-1.19.0.tgz#1af5bf630409734a067cae29318aac7fa29a267c"
    integrity sha512-rArEXAgsBG4UgRGcynxWIWKFvh/XZCcS8UJdHhwy91zwAvCZIbcs+vAbflgBnNjYMs/i/i+/Ux6IZhML1yPvxg==
    dependencies:
      is-core-module "^2.1.0"
      path-parse "^1.0.6"
  
  resource-loader@^3.0.1:
    version "3.0.1"
    resolved "https://registry.yarnpkg.com/resource-loader/-/resource-loader-3.0.1.tgz#33355bb5421e2994f59454bbc7f6dbff8df06d47"
    integrity sha512-fBuCRbEHdLCI1eglzQhUv9Rrdcmqkydr1r6uHE2cYHvRBrcLXeSmbE/qI/urFt8rPr/IGxir3BUwM5kUK8XoyA==
    dependencies:
      mini-signals "^1.2.0"
      parse-uri "^1.0.0"
  
  rollup-plugin-css-only@^3.1.0:
    version "3.1.0"
    resolved "https://registry.yarnpkg.com/rollup-plugin-css-only/-/rollup-plugin-css-only-3.1.0.tgz#6a701cc5b051c6b3f0961e69b108a9a118e1b1df"
    integrity sha512-TYMOE5uoD76vpj+RTkQLzC9cQtbnJNktHPB507FzRWBVaofg7KhIqq1kGbcVOadARSozWF883Ho9KpSPKH8gqA==
    dependencies:
      "@rollup/pluginutils" "4"
  
  rollup-plugin-livereload@^2.0.0:
    version "2.0.0"
    resolved "https://registry.yarnpkg.com/rollup-plugin-livereload/-/rollup-plugin-livereload-2.0.0.tgz#d3928d74e8cf2ae4286c5dd46b770fd3f3b82313"
    integrity sha512-oC/8NqumGYuphkqrfszOHUUIwzKsaHBICw6QRwT5uD07gvePTS+HW+GFwu6f9K8W02CUuTvtIM9AWJrbj4wE1A==
    dependencies:
      livereload "^0.9.1"
  
  rollup-plugin-svelte@^7.0.0:
    version "7.0.0"
    resolved "https://registry.yarnpkg.com/rollup-plugin-svelte/-/rollup-plugin-svelte-7.0.0.tgz#8ececb9d1583c24e0edfbc96f8208b70b27af7a1"
    integrity sha512-cw4yv/5v1NQV3nPbpOJtikgkB+9mfSJaqKUdq7x5fVQJnwLtcdc2JOszBs5pBY+SemTs5pmJbdEMseEavbUtjQ==
    dependencies:
      require-relative "^0.8.7"
      rollup-pluginutils "^2.8.2"
  
  rollup-plugin-terser@^7.0.0:
    version "7.0.2"
    resolved "https://registry.yarnpkg.com/rollup-plugin-terser/-/rollup-plugin-terser-7.0.2.tgz#e8fbba4869981b2dc35ae7e8a502d5c6c04d324d"
    integrity sha512-w3iIaU4OxcF52UUXiZNsNeuXIMDvFrr+ZXK6bFZ0Q60qyVfq4uLptoS4bbq3paG3x216eQllFZX7zt6TIImguQ==
    dependencies:
      "@babel/code-frame" "^7.10.4"
      jest-worker "^26.2.1"
      serialize-javascript "^4.0.0"
      terser "^5.0.0"
  
  rollup-pluginutils@^2.8.2:
    version "2.8.2"
    resolved "https://registry.yarnpkg.com/rollup-pluginutils/-/rollup-pluginutils-2.8.2.tgz#72f2af0748b592364dbd3389e600e5a9444a351e"
    integrity sha512-EEp9NhnUkwY8aif6bxgovPHMoMoNr2FulJziTndpt5H9RdwC47GSGuII9XxpSdzVGM0GWrNPHV6ie1LTNJPaLQ==
    dependencies:
      estree-walker "^0.6.1"
  
  rollup@^2.3.4:
    version "2.35.1"
    resolved "https://registry.yarnpkg.com/rollup/-/rollup-2.35.1.tgz#e6bc8d10893556a638066f89e8c97f422d03968c"
    integrity sha512-q5KxEyWpprAIcainhVy6HfRttD9kutQpHbeqDTWnqAFNJotiojetK6uqmcydNMymBEtC4I8bCYR+J3mTMqeaUA==
    optionalDependencies:
      fsevents "~2.1.2"
  
  sade@^1.6.0:
    version "1.7.4"
    resolved "https://registry.yarnpkg.com/sade/-/sade-1.7.4.tgz#ea681e0c65d248d2095c90578c03ca0bb1b54691"
    integrity sha512-y5yauMD93rX840MwUJr7C1ysLFBgMspsdTo4UVrDg3fXDvtwOyIqykhVAAm6fk/3au77773itJStObgK+LKaiA==
    dependencies:
      mri "^1.1.0"
  
  safe-buffer@^5.1.0:
    version "5.2.1"
    resolved "https://registry.yarnpkg.com/safe-buffer/-/safe-buffer-5.2.1.tgz#1eaf9fa9bdb1fdd4ec75f58f9cdb4e6b7827eec6"
    integrity sha512-rp3So07KcdmmKbGvgaNxQSJr7bGVSVk5S9Eq1F+ppbRo70+YeaDxkw5Dd8NPN+GD6bjnYm2VuPuCXmpuYvmCXQ==
  
  semiver@^1.0.0:
    version "1.1.0"
    resolved "https://registry.yarnpkg.com/semiver/-/semiver-1.1.0.tgz#9c97fb02c21c7ce4fcf1b73e2c7a24324bdddd5f"
    integrity sha512-QNI2ChmuioGC1/xjyYwyZYADILWyW6AmS1UH6gDj/SFUUUS4MBAWs/7mxnkRPc/F4iHezDP+O8t0dO8WHiEOdg==
  
  serialize-javascript@^4.0.0:
    version "4.0.0"
    resolved "https://registry.yarnpkg.com/serialize-javascript/-/serialize-javascript-4.0.0.tgz#b525e1238489a5ecfc42afacc3fe99e666f4b1aa"
    integrity sha512-GaNA54380uFefWghODBWEGisLZFj00nS5ACs6yHa9nLqlLpVLO8ChDGeKRjZnV4Nh4n0Qi7nhYZD/9fCPzEqkw==
    dependencies:
      randombytes "^2.1.0"
  
  sirv-cli@^1.0.0:
    version "1.0.10"
    resolved "https://registry.yarnpkg.com/sirv-cli/-/sirv-cli-1.0.10.tgz#9180272ab1710ecb7ad700ecd2d7391016e7c40e"
    integrity sha512-8mLTRkvzpZXMyUZJ1whf84YHN/mm2r2+j5sU1ZYr5n2jA8VkFItNPk53oysOo+0QxBVp9aUjggkAsQp1d7L3OQ==
    dependencies:
      console-clear "^1.1.0"
      get-port "^3.2.0"
      kleur "^3.0.0"
      local-access "^1.0.1"
      sade "^1.6.0"
      semiver "^1.0.0"
      sirv "^1.0.10"
      tinydate "^1.0.0"
  
  sirv@^1.0.10:
    version "1.0.10"
    resolved "https://registry.yarnpkg.com/sirv/-/sirv-1.0.10.tgz#3e591f5a9ae2520f50d5830f5fae38d97e7be194"
    integrity sha512-H5EZCoZaggEUQy8ocKsF7WAToGuZhjJlLvM3XOef46CbdIgbNeQ1p32N1PCuCjkVYwrAVOSMacN6CXXgIzuspg==
    dependencies:
      "@polka/url" "^1.0.0-next.9"
      mime "^2.3.1"
      totalist "^1.0.0"
  
  source-map-support@~0.5.19:
    version "0.5.19"
    resolved "https://registry.yarnpkg.com/source-map-support/-/source-map-support-0.5.19.tgz#a98b62f86dcaf4f67399648c085291ab9e8fed61"
    integrity sha512-Wonm7zOCIJzBGQdB+thsPar0kYuCIzYvxZwlBa87yi/Mdjv7Tip2cyVbLj5o0cFPN4EVkuTwb3GDDyUx2DGnGw==
    dependencies:
      buffer-from "^1.0.0"
      source-map "^0.6.0"
  
  source-map@^0.6.0:
    version "0.6.1"
    resolved "https://registry.yarnpkg.com/source-map/-/source-map-0.6.1.tgz#74722af32e9614e9c287a8d0bbde48b5e2f1a263"
    integrity sha512-UjgapumWlbMhkBgzT7Ykc5YXUT46F0iKu8SGXq0bcwP5dz/h0Plj6enJqjz1Zbq2l5WaqYnrVbwWOWMyF3F47g==
  
  source-map@~0.7.2:
    version "0.7.3"
    resolved "https://registry.yarnpkg.com/source-map/-/source-map-0.7.3.tgz#5302f8169031735226544092e64981f751750383"
    integrity sha512-CkCj6giN3S+n9qrYiBTX5gystlENnRW5jZeNLHpe6aue+SrHcG5VYwujhW9s4dY31mEGsxBDrHR6oI69fTXsaQ==
  
  sourcemap-codec@^1.4.4:
    version "1.4.8"
    resolved "https://registry.yarnpkg.com/sourcemap-codec/-/sourcemap-codec-1.4.8.tgz#ea804bd94857402e6992d05a38ef1ae35a9ab4c4"
    integrity sha512-9NykojV5Uih4lgo5So5dtw+f0JgJX30KCNI8gwhz2J9A15wD0Ml6tjHKwf6fTSa6fAdVBdZeNOs9eJ71qCk8vA==
  
  supports-color@^5.3.0:
    version "5.5.0"
    resolved "https://registry.yarnpkg.com/supports-color/-/supports-color-5.5.0.tgz#e2e69a44ac8772f78a1ec0b35b689df6530efc8f"
    integrity sha512-QjVjwdXIt408MIiAqCX4oUKsgU2EqAGzs2Ppkm4aQYbjm+ZEWEcW4SfFNTr4uMNZma0ey4f5lgLrkB0aX0QMow==
    dependencies:
      has-flag "^3.0.0"
  
  supports-color@^7.0.0:
    version "7.2.0"
    resolved "https://registry.yarnpkg.com/supports-color/-/supports-color-7.2.0.tgz#1b7dcdcb32b8138801b3e478ba6a51caa89648da"
    integrity sha512-qpCAvRl9stuOHveKsn7HncJRvv501qIacKzQlO/+Lwxc9+0q2wLyv4Dfvt80/DPn2pqOBsJdDiogXGR9+OvwRw==
    dependencies:
      has-flag "^4.0.0"
  
  "svelte-pixi@file:../svelte-pixi":
    version "0.1.0"
  
  "svelte-three@file:../svelte-three":
    version "0.1.0"
  
  svelte@^3.0.0:
    version "3.31.2"
    resolved "https://registry.yarnpkg.com/svelte/-/svelte-3.31.2.tgz#d2ddf6cacbb95e4cc3796207510b660a25586324"
    integrity sha512-TxZGrXzX2ggFH3BIKY5fmbeMdJuZrMIMDYPMX6R9255bueuYIuVaBQSLUeY2oD7W4IdeqRZiAVGCjDw2POKBRA==
  
  terser@^5.0.0:
    version "5.5.1"
    resolved "https://registry.yarnpkg.com/terser/-/terser-5.5.1.tgz#540caa25139d6f496fdea056e414284886fb2289"
    integrity sha512-6VGWZNVP2KTUcltUQJ25TtNjx/XgdDsBDKGt8nN0MpydU36LmbPPcMBd2kmtZNNGVVDLg44k7GKeHHj+4zPIBQ==
    dependencies:
      commander "^2.20.0"
      source-map "~0.7.2"
      source-map-support "~0.5.19"
  
  three@^0.130.0:
    version "0.130.0"
    resolved "https://registry.yarnpkg.com/three/-/three-0.130.0.tgz#43778a96366fa5e3d1da28c688e8a2bfd8b42aab"
    integrity sha512-4jqvbJyvgrjTsBgqE7TrdkZral78l8CXpFCdGzqQoiJHsRhGHxe5tvwqZQVaS6eodPav7jdYO5sp1c5RmMB3ng==
  
  tinydate@^1.0.0:
    version "1.3.0"
    resolved "https://registry.yarnpkg.com/tinydate/-/tinydate-1.3.0.tgz#e6ca8e5a22b51bb4ea1c3a2a4fd1352dbd4c57fb"
    integrity sha512-7cR8rLy2QhYHpsBDBVYnnWXm8uRTr38RoZakFSW7Bs7PzfMPNZthuMLkwqZv7MTu8lhQ91cOFYS5a7iFj2oR3w==
  
  to-regex-range@^5.0.1:
    version "5.0.1"
    resolved "https://registry.yarnpkg.com/to-regex-range/-/to-regex-range-5.0.1.tgz#1648c44aae7c8d988a326018ed72f5b4dd0392e4"
    integrity sha512-65P7iz6X5yEr1cwcgvQxbbIw7Uk3gOy5dIdtZ4rDveLqhrdJP+Li/Hx6tyK0NEb+2GCyneCMJiGqrADCSNk8sQ==
    dependencies:
      is-number "^7.0.0"
  
  totalist@^1.0.0:
    version "1.1.0"
    resolved "https://registry.yarnpkg.com/totalist/-/totalist-1.1.0.tgz#a4d65a3e546517701e3e5c37a47a70ac97fe56df"
    integrity sha512-gduQwd1rOdDMGxFG1gEvhV88Oirdo2p+KjoYFU7k2g+i7n6AFFbDQ5kMPUsW0pNbfQsB/cwXvT1i4Bue0s9g5g==
  
  url@^0.11.0:
    version "0.11.0"
    resolved "https://registry.yarnpkg.com/url/-/url-0.11.0.tgz#3838e97cfc60521eb73c525a8e55bfdd9e2e28f1"
    integrity sha1-ODjpfPxgUh63PFJajlW/3Z4uKPE=
    dependencies:
      punycode "1.3.2"
      querystring "0.2.0"
  
  wrappy@1:
    version "1.0.2"
    resolved "https://registry.yarnpkg.com/wrappy/-/wrappy-1.0.2.tgz#b5243d8f3ec1aa35f1364605bc0d1036e30ab69f"
    integrity sha1-tSQ9jz7BqjXxNkYFvA0QNuMKtp8=
  
  ws@^6.2.1:
    version "6.2.1"
    resolved "https://registry.yarnpkg.com/ws/-/ws-6.2.1.tgz#442fdf0a47ed64f59b6a5d8ff130f4748ed524fb"
    integrity sha512-GIyAXC2cB7LjvpgMt9EKS2ldqr0MTrORaleiOno6TweZ6r3TKtoFQWay/2PceJ3RuBasOHzXNn5Lrw1X0bEjqA==
    dependencies:
      async-limiter "~1.0.0"
